#
# There is insufficient memory for the Java Runtime Environment to continue.
# Native memory allocation (malloc) failed to allocate 987856 bytes for Chunk::new
# Possible reasons:
#   The system is out of physical RAM or swap space
#   The process is running with CompressedOops enabled, and the Java Heap may be blocking the growth of the native heap
# Possible solutions:
#   Reduce memory load on the system
#   Increase physical memory or swap space
#   Check if swap backing store is full
#   Decrease Java heap size (-Xmx/-Xms)
#   Decrease number of Java threads
#   Decrease Java thread stack sizes (-Xss)
#   Set larger code cache with -XX:ReservedCodeCacheSize=
#   JVM is running with Unscaled Compressed Oops mode in which the Java heap is
#     placed in the first 4GB address space. The Java Heap base address is the
#     maximum limit for the native heap growth. Please use -XX:HeapBaseMinAddress
#     to set the Java Heap base and to place the Java Heap above 4GB virtual address.
# This output file may be truncated or incomplete.
#
#  Out of Memory Error (./src/hotspot/share/memory/arena.cpp:197), pid=14764, tid=7560
#
# JRE version: OpenJDK Runtime Environment (11.0.10) (build 11.0.10+0-b96-7249189)
# Java VM: OpenJDK 64-Bit Server VM (11.0.10+0-b96-7249189, mixed mode, tiered, compressed oops, g1 gc, windows-amd64)
# No core dump will be written. Minidumps are not enabled by default on client versions of Windows
#

---------------  S U M M A R Y ------------

Command Line: --add-opens=java.base/java.util=ALL-UNNAMED --add-opens=java.base/java.lang=ALL-UNNAMED --add-opens=java.base/java.lang.invoke=ALL-UNNAMED --add-opens=java.prefs/java.util.prefs=ALL-UNNAMED -Xmx1536M -Dfile.encoding=windows-1252 -Duser.country=US -Duser.language=en -Duser.variant org.gradle.launcher.daemon.bootstrap.GradleDaemon 6.7

Host: Intel(R) Core(TM) i3-4160 CPU @ 3.60GHz, 4 cores, 7G,  Windows 10 , 64 bit Build 19041 (10.0.19041.1889)
Time: Thu Oct 27 11:40:36 2022 Bangladesh Standard Time elapsed time: 90.657224 seconds (0d 0h 1m 30s)

---------------  T H R E A D  ---------------

Current thread (0x00000216ecc56000):  JavaThread "C2 CompilerThread0" daemon [_thread_in_native, id=7560, stack(0x0000003b7b600000,0x0000003b7b700000)]


Current CompileTask:
C2:  90657 12178       4       javax.management.ObjectName::construct (1135 bytes)

Stack: [0x0000003b7b600000,0x0000003b7b700000]
Native frames: (J=compiled Java code, j=interpreted, Vv=VM code, C=native code)
V  [jvm.dll+0x5ecfaa]
V  [jvm.dll+0x722bd5]
V  [jvm.dll+0x72412d]
V  [jvm.dll+0x7247e3]
V  [jvm.dll+0x242928]
V  [jvm.dll+0xbc4fc]
V  [jvm.dll+0xbca0c]
V  [jvm.dll+0x352d7d]
V  [jvm.dll+0x197c77]
V  [jvm.dll+0x1fb70e]
V  [jvm.dll+0x1fa7f4]
V  [jvm.dll+0x18354c]
V  [jvm.dll+0x208ee7]
V  [jvm.dll+0x207731]
V  [jvm.dll+0x6eb1cf]
V  [jvm.dll+0x6e3d45]
V  [jvm.dll+0x5ebe96]
C  [ucrtbase.dll+0x21bb2]
C  [KERNEL32.DLL+0x17034]
C  [ntdll.dll+0x526a1]


---------------  P R O C E S S  ---------------

Threads class SMR info:
_java_thread_list=0x00000216f366c0a0, length=43, elements={
0x00000216d244f800, 0x00000216ecc2d800, 0x00000216ecc2e800, 0x00000216ecc4f000,
0x00000216ecc50000, 0x00000216ecc51800, 0x00000216ecc56000, 0x00000216ecc5c800,
0x00000216ecc69000, 0x00000216ed72a800, 0x00000216efc87800, 0x00000216f0dbb800,
0x00000216ee961000, 0x00000216ef6a7800, 0x00000216efad9800, 0x00000216efe1a000,
0x00000216ee792000, 0x00000216ef4fa800, 0x00000216edfb3800, 0x00000216edfb1000,
0x00000216edfb2000, 0x00000216edfb3000, 0x00000216efa53800, 0x00000216efa54800,
0x00000216efa55800, 0x00000216efa56000, 0x00000216efa50800, 0x00000216efa57000,
0x00000216efa52000, 0x00000216efa53000, 0x00000216efa59800, 0x00000216efa5a800,
0x00000216efa5c800, 0x00000216efa5d800, 0x00000216ee5ac000, 0x00000216ee5ad000,
0x00000216f76cb800, 0x00000216f76d0000, 0x00000216f76cd800, 0x00000216f76d1000,
0x00000216f76ce800, 0x00000216f76cf800, 0x00000216f76d2000
}

Java Threads: ( => current thread )
  0x00000216d244f800 JavaThread "main" [_thread_blocked, id=14844, stack(0x0000003b7aa00000,0x0000003b7ab00000)]
  0x00000216ecc2d800 JavaThread "Reference Handler" daemon [_thread_blocked, id=2188, stack(0x0000003b7b100000,0x0000003b7b200000)]
  0x00000216ecc2e800 JavaThread "Finalizer" daemon [_thread_blocked, id=12384, stack(0x0000003b7b200000,0x0000003b7b300000)]
  0x00000216ecc4f000 JavaThread "Signal Dispatcher" daemon [_thread_blocked, id=8596, stack(0x0000003b7b300000,0x0000003b7b400000)]
  0x00000216ecc50000 JavaThread "Attach Listener" daemon [_thread_blocked, id=1896, stack(0x0000003b7b400000,0x0000003b7b500000)]
  0x00000216ecc51800 JavaThread "Service Thread" daemon [_thread_blocked, id=2956, stack(0x0000003b7b500000,0x0000003b7b600000)]
=>0x00000216ecc56000 JavaThread "C2 CompilerThread0" daemon [_thread_in_native, id=7560, stack(0x0000003b7b600000,0x0000003b7b700000)]
  0x00000216ecc5c800 JavaThread "C1 CompilerThread0" daemon [_thread_blocked, id=6184, stack(0x0000003b7b700000,0x0000003b7b800000)]
  0x00000216ecc69000 JavaThread "Sweeper thread" daemon [_thread_blocked, id=12920, stack(0x0000003b7b800000,0x0000003b7b900000)]
  0x00000216ed72a800 JavaThread "Common-Cleaner" daemon [_thread_blocked, id=11724, stack(0x0000003b7b900000,0x0000003b7ba00000)]
  0x00000216efc87800 JavaThread "Daemon health stats" [_thread_blocked, id=4552, stack(0x0000003b7be00000,0x0000003b7bf00000)]
  0x00000216f0dbb800 JavaThread "Incoming local TCP Connector on port 53952" [_thread_in_native, id=12208, stack(0x0000003b7c100000,0x0000003b7c200000)]
  0x00000216ee961000 JavaThread "Daemon periodic checks" [_thread_blocked, id=5900, stack(0x0000003b7c200000,0x0000003b7c300000)]
  0x00000216ef6a7800 JavaThread "Daemon" [_thread_blocked, id=15432, stack(0x0000003b7c300000,0x0000003b7c400000)]
  0x00000216efad9800 JavaThread "Handler for socket connection from /127.0.0.1:53952 to /127.0.0.1:53953" [_thread_in_native, id=12140, stack(0x0000003b7c400000,0x0000003b7c500000)]
  0x00000216efe1a000 JavaThread "Cancel handler" [_thread_blocked, id=1124, stack(0x0000003b7c600000,0x0000003b7c700000)]
  0x00000216ee792000 JavaThread "Daemon worker" [_thread_blocked, id=9256, stack(0x0000003b7c700000,0x0000003b7c800000)]
  0x00000216ef4fa800 JavaThread "Asynchronous log dispatcher for DefaultDaemonConnection: socket connection from /127.0.0.1:53952 to /127.0.0.1:53953" [_thread_in_Java, id=8084, stack(0x0000003b7c800000,0x0000003b7c900000)]
  0x00000216edfb3800 JavaThread "Stdin handler" [_thread_blocked, id=15192, stack(0x0000003b7c900000,0x0000003b7ca00000)]
  0x00000216edfb1000 JavaThread "Thread-8" [_thread_blocked, id=6784, stack(0x0000003b7ca00000,0x0000003b7cb00000)]
  0x00000216edfb2000 JavaThread "Cache worker for file hash cache (C:\Users\nanosoft\.gradle\caches\6.7\fileHashes)" [_thread_blocked, id=14304, stack(0x0000003b7cb00000,0x0000003b7cc00000)]
  0x00000216edfb3000 JavaThread "File lock request listener" [_thread_in_native, id=15328, stack(0x0000003b7cc00000,0x0000003b7cd00000)]
  0x00000216efa53800 JavaThread "Cache worker for journal cache (C:\Users\nanosoft\.gradle\caches\journal-1)" [_thread_blocked, id=3392, stack(0x0000003b7bd00000,0x0000003b7be00000)]
  0x00000216efa54800 JavaThread "Cache worker for file hash cache (E:\unhcr_pms_app_flutter\android\.gradle\6.7\fileHashes)" [_thread_blocked, id=3912, stack(0x0000003b7ce00000,0x0000003b7cf00000)]
  0x00000216efa55800 JavaThread "Cache worker for checksums cache (E:\unhcr_pms_app_flutter\android\.gradle\checksums)" [_thread_blocked, id=7324, stack(0x0000003b7cf00000,0x0000003b7d000000)]
  0x00000216efa56000 JavaThread "Cache worker for cache directory md-supplier (C:\Users\nanosoft\.gradle\caches\6.7\md-supplier)" [_thread_blocked, id=15164, stack(0x0000003b7d000000,0x0000003b7d100000)]
  0x00000216efa50800 JavaThread "Cache worker for cache directory md-rule (C:\Users\nanosoft\.gradle\caches\6.7\md-rule)" [_thread_blocked, id=15852, stack(0x0000003b7d100000,0x0000003b7d200000)]
  0x00000216efa57000 JavaThread "Cache worker for execution history cache (C:\Users\nanosoft\.gradle\caches\6.7\executionHistory)" [_thread_blocked, id=4112, stack(0x0000003b7d200000,0x0000003b7d300000)]
  0x00000216efa52000 JavaThread "Cache worker for file content cache (C:\Users\nanosoft\.gradle\caches\6.7\fileContent)" [_thread_blocked, id=11820, stack(0x0000003b7d400000,0x0000003b7d500000)]
  0x00000216efa53000 JavaThread "Cache worker for Build Output Cleanup Cache (E:\unhcr_pms_app_flutter\android\.gradle\buildOutputCleanup)" [_thread_blocked, id=8172, stack(0x0000003b7d500000,0x0000003b7d600000)]
  0x00000216efa59800 JavaThread "Build operations" [_thread_blocked, id=8872, stack(0x0000003b7d600000,0x0000003b7d700000)]
  0x00000216efa5a800 JavaThread "Build operations Thread 2" [_thread_blocked, id=13772, stack(0x0000003b7d700000,0x0000003b7d800000)]
  0x00000216efa5c800 JavaThread "Build operations Thread 3" [_thread_blocked, id=15480, stack(0x0000003b7d800000,0x0000003b7d900000)]
  0x00000216efa5d800 JavaThread "Build operations Thread 4" [_thread_blocked, id=10452, stack(0x0000003b7d900000,0x0000003b7da00000)]
  0x00000216ee5ac000 JavaThread "Memory manager" [_thread_blocked, id=4572, stack(0x0000003b04d00000,0x0000003b04e00000)]
  0x00000216ee5ad000 JavaThread "build event listener" [_thread_blocked, id=388, stack(0x0000003b04f00000,0x0000003b05000000)]
  0x00000216f76cb800 JavaThread "Execution worker for ':'" [_thread_blocked, id=1956, stack(0x0000003b06300000,0x0000003b06400000)]
  0x00000216f76d0000 JavaThread "Execution worker for ':' Thread 2" [_thread_blocked, id=14724, stack(0x0000003b06400000,0x0000003b06500000)]
  0x00000216f76cd800 JavaThread "Execution worker for ':' Thread 3" [_thread_blocked, id=15704, stack(0x0000003b06500000,0x0000003b06600000)]
  0x00000216f76d1000 JavaThread "Cache worker for execution history cache (E:\unhcr_pms_app_flutter\android\.gradle\6.7\executionHistory)" [_thread_blocked, id=6440, stack(0x0000003b06600000,0x0000003b06700000)]
  0x00000216f76ce800 JavaThread "Exec process" [_thread_in_native, id=7320, stack(0x0000003b06700000,0x0000003b06800000)]
  0x00000216f76cf800 JavaThread "Exec process Thread 2" [_thread_in_native, id=11552, stack(0x0000003b06800000,0x0000003b06900000)]
  0x00000216f76d2000 JavaThread "Exec process Thread 3" [_thread_in_native, id=14220, stack(0x0000003b06900000,0x0000003b06a00000)]

Other Threads:
  0x00000216ecc08800 VMThread "VM Thread" [stack: 0x0000003b7b000000,0x0000003b7b100000] [id=16100]
  0x00000216ed750000 WatcherThread [stack: 0x0000003b7ba00000,0x0000003b7bb00000] [id=1008]
  0x00000216d2468000 GCTaskThread "GC Thread#0" [stack: 0x0000003b7ab00000,0x0000003b7ac00000] [id=15536]
  0x00000216edea9000 GCTaskThread "GC Thread#1" [stack: 0x0000003b7bb00000,0x0000003b7bc00000] [id=7352]
  0x00000216edeba000 GCTaskThread "GC Thread#2" [stack: 0x0000003b7bc00000,0x0000003b7bd00000] [id=14448]
  0x00000216ef6a8800 GCTaskThread "GC Thread#3" [stack: 0x0000003b7c500000,0x0000003b7c600000] [id=7864]
  0x00000216d248d800 ConcurrentGCThread "G1 Main Marker" [stack: 0x0000003b7ac00000,0x0000003b7ad00000] [id=3816]
  0x00000216d2490000 ConcurrentGCThread "G1 Conc#0" [stack: 0x0000003b7ad00000,0x0000003b7ae00000] [id=11348]
  0x00000216d251c800 ConcurrentGCThread "G1 Refine#0" [stack: 0x0000003b7ae00000,0x0000003b7af00000] [id=3856]
  0x00000216d251e000 ConcurrentGCThread "G1 Young RemSet Sampling" [stack: 0x0000003b7af00000,0x0000003b7b000000] [id=9608]

Threads with active compile tasks:
C2 CompilerThread0  90707 12178       4       javax.management.ObjectName::construct (1135 bytes)

VM state:not at safepoint (normal execution)

VM Mutex/Monitor currently owned by a thread: None

Heap address: 0x00000000a0000000, size: 1536 MB, Compressed Oops mode: 32-bit
Narrow klass base: 0x0000000000000000, Narrow klass shift: 3
Compressed class space size: 1073741824 Address: 0x0000000100000000

Heap:
 garbage-first heap   total 189440K, used 151554K [0x00000000a0000000, 0x0000000100000000)
  region size 1024K, 6 young (6144K), 3 survivors (3072K)
 Metaspace       used 85048K, capacity 89434K, committed 89508K, reserved 1126400K
  class space    used 11131K, capacity 12509K, committed 12544K, reserved 1048576K
Heap Regions: E=young(eden), S=young(survivor), O=old, HS=humongous(starts), HC=humongous(continues), CS=collection set, F=free, A=archive, TAMS=top-at-mark-start (previous, next)
|   0|0x00000000a0000000, 0x00000000a0100000, 0x00000000a0100000|100%| O|  |TAMS 0x00000000a0100000, 0x00000000a0000000| Untracked 
|   1|0x00000000a0100000, 0x00000000a0200000, 0x00000000a0200000|100%| O|  |TAMS 0x00000000a0200000, 0x00000000a0100000| Untracked 
|   2|0x00000000a0200000, 0x00000000a0300000, 0x00000000a0300000|100%| O|  |TAMS 0x00000000a0300000, 0x00000000a0200000| Untracked 
|   3|0x00000000a0300000, 0x00000000a0400000, 0x00000000a0400000|100%|HS|  |TAMS 0x00000000a0400000, 0x00000000a0300000| Complete 
|   4|0x00000000a0400000, 0x00000000a0500000, 0x00000000a0500000|100%|HC|  |TAMS 0x00000000a0500000, 0x00000000a0400000| Complete 
|   5|0x00000000a0500000, 0x00000000a0600000, 0x00000000a0600000|100%|HC|  |TAMS 0x00000000a0600000, 0x00000000a0500000| Complete 
|   6|0x00000000a0600000, 0x00000000a0700000, 0x00000000a0700000|100%| O|  |TAMS 0x00000000a0700000, 0x00000000a0600000| Untracked 
|   7|0x00000000a0700000, 0x00000000a0800000, 0x00000000a0800000|100%| O|  |TAMS 0x00000000a0800000, 0x00000000a0700000| Untracked 
|   8|0x00000000a0800000, 0x00000000a0900000, 0x00000000a0900000|100%| O|  |TAMS 0x00000000a0900000, 0x00000000a0800000| Complete 
|   9|0x00000000a0900000, 0x00000000a0a00000, 0x00000000a0a00000|100%| O|  |TAMS 0x00000000a0a00000, 0x00000000a0900000| Untracked 
|  10|0x00000000a0a00000, 0x00000000a0b00000, 0x00000000a0b00000|100%| O|  |TAMS 0x00000000a0b00000, 0x00000000a0a00000| Untracked 
|  11|0x00000000a0b00000, 0x00000000a0c00000, 0x00000000a0c00000|100%| O|  |TAMS 0x00000000a0c00000, 0x00000000a0b00000| Untracked 
|  12|0x00000000a0c00000, 0x00000000a0d00000, 0x00000000a0d00000|100%| O|  |TAMS 0x00000000a0d00000, 0x00000000a0c00000| Complete 
|  13|0x00000000a0d00000, 0x00000000a0e00000, 0x00000000a0e00000|100%| O|  |TAMS 0x00000000a0e00000, 0x00000000a0d00000| Untracked 
|  14|0x00000000a0e00000, 0x00000000a0f00000, 0x00000000a0f00000|100%| O|  |TAMS 0x00000000a0f00000, 0x00000000a0e00000| Untracked 
|  15|0x00000000a0f00000, 0x00000000a1000000, 0x00000000a1000000|100%| O|  |TAMS 0x00000000a1000000, 0x00000000a0f00000| Untracked 
|  16|0x00000000a1000000, 0x00000000a1100000, 0x00000000a1100000|100%| O|  |TAMS 0x00000000a1100000, 0x00000000a1000000| Untracked 
|  17|0x00000000a1100000, 0x00000000a1200000, 0x00000000a1200000|100%| O|  |TAMS 0x00000000a1200000, 0x00000000a1100000| Complete 
|  18|0x00000000a1200000, 0x00000000a1300000, 0x00000000a1300000|100%| O|  |TAMS 0x00000000a1300000, 0x00000000a1200000| Untracked 
|  19|0x00000000a1300000, 0x00000000a1400000, 0x00000000a1400000|100%| O|  |TAMS 0x00000000a1400000, 0x00000000a1300000| Untracked 
|  20|0x00000000a1400000, 0x00000000a1500000, 0x00000000a1500000|100%| O|  |TAMS 0x00000000a1500000, 0x00000000a1400000| Untracked 
|  21|0x00000000a1500000, 0x00000000a1600000, 0x00000000a1600000|100%| O|  |TAMS 0x00000000a1600000, 0x00000000a1500000| Untracked 
|  22|0x00000000a1600000, 0x00000000a1700000, 0x00000000a1700000|100%|HS|  |TAMS 0x00000000a1700000, 0x00000000a1600000| Complete 
|  23|0x00000000a1700000, 0x00000000a1800000, 0x00000000a1800000|100%|HS|  |TAMS 0x00000000a1800000, 0x00000000a1700000| Complete 
|  24|0x00000000a1800000, 0x00000000a1900000, 0x00000000a1900000|100%|HS|  |TAMS 0x00000000a1900000, 0x00000000a1800000| Complete 
|  25|0x00000000a1900000, 0x00000000a1a00000, 0x00000000a1a00000|100%|HC|  |TAMS 0x00000000a1a00000, 0x00000000a1900000| Complete 
|  26|0x00000000a1a00000, 0x00000000a1b00000, 0x00000000a1b00000|100%|HC|  |TAMS 0x00000000a1b00000, 0x00000000a1a00000| Complete 
|  27|0x00000000a1b00000, 0x00000000a1c00000, 0x00000000a1c00000|100%|HS|  |TAMS 0x00000000a1c00000, 0x00000000a1b00000| Complete 
|  28|0x00000000a1c00000, 0x00000000a1d00000, 0x00000000a1d00000|100%|HC|  |TAMS 0x00000000a1d00000, 0x00000000a1c00000| Complete 
|  29|0x00000000a1d00000, 0x00000000a1e00000, 0x00000000a1e00000|100%| O|  |TAMS 0x00000000a1e00000, 0x00000000a1d00000| Untracked 
|  30|0x00000000a1e00000, 0x00000000a1f00000, 0x00000000a1f00000|100%| O|  |TAMS 0x00000000a1f00000, 0x00000000a1e00000| Untracked 
|  31|0x00000000a1f00000, 0x00000000a2000000, 0x00000000a2000000|100%| O|  |TAMS 0x00000000a2000000, 0x00000000a1f00000| Untracked 
|  32|0x00000000a2000000, 0x00000000a2100000, 0x00000000a2100000|100%| O|  |TAMS 0x00000000a2100000, 0x00000000a2000000| Untracked 
|  33|0x00000000a2100000, 0x00000000a2200000, 0x00000000a2200000|100%| O|  |TAMS 0x00000000a2200000, 0x00000000a2100000| Complete 
|  34|0x00000000a2200000, 0x00000000a2300000, 0x00000000a2300000|100%| O|  |TAMS 0x00000000a2300000, 0x00000000a2200000| Complete 
|  35|0x00000000a2300000, 0x00000000a2400000, 0x00000000a2400000|100%| O|  |TAMS 0x00000000a2400000, 0x00000000a2300000| Untracked 
|  36|0x00000000a2400000, 0x00000000a2500000, 0x00000000a2500000|100%| O|  |TAMS 0x00000000a2500000, 0x00000000a2400000| Untracked 
|  37|0x00000000a2500000, 0x00000000a2600000, 0x00000000a2600000|100%| O|  |TAMS 0x00000000a2600000, 0x00000000a2500000| Untracked 
|  38|0x00000000a2600000, 0x00000000a2700000, 0x00000000a2700000|100%| O|  |TAMS 0x00000000a2700000, 0x00000000a2600000| Untracked 
|  39|0x00000000a2700000, 0x00000000a2800000, 0x00000000a2800000|100%| O|  |TAMS 0x00000000a2800000, 0x00000000a2700000| Complete 
|  40|0x00000000a2800000, 0x00000000a2900000, 0x00000000a2900000|100%| O|  |TAMS 0x00000000a2900000, 0x00000000a2800000| Untracked 
|  41|0x00000000a2900000, 0x00000000a2a00000, 0x00000000a2a00000|100%| O|  |TAMS 0x00000000a2a00000, 0x00000000a2900000| Untracked 
|  42|0x00000000a2a00000, 0x00000000a2b00000, 0x00000000a2b00000|100%| O|  |TAMS 0x00000000a2b00000, 0x00000000a2a00000| Untracked 
|  43|0x00000000a2b00000, 0x00000000a2c00000, 0x00000000a2c00000|100%| O|  |TAMS 0x00000000a2c00000, 0x00000000a2b00000| Untracked 
|  44|0x00000000a2c00000, 0x00000000a2d00000, 0x00000000a2d00000|100%| O|  |TAMS 0x00000000a2d00000, 0x00000000a2c00000| Complete 
|  45|0x00000000a2d00000, 0x00000000a2e00000, 0x00000000a2e00000|100%| O|  |TAMS 0x00000000a2e00000, 0x00000000a2d00000| Untracked 
|  46|0x00000000a2e00000, 0x00000000a2f00000, 0x00000000a2f00000|100%| O|  |TAMS 0x00000000a2f00000, 0x00000000a2e00000| Complete 
|  47|0x00000000a2f00000, 0x00000000a3000000, 0x00000000a3000000|100%| O|  |TAMS 0x00000000a3000000, 0x00000000a2f00000| Untracked 
|  48|0x00000000a3000000, 0x00000000a3100000, 0x00000000a3100000|100%| O|  |TAMS 0x00000000a3100000, 0x00000000a3000000| Untracked 
|  49|0x00000000a3100000, 0x00000000a3200000, 0x00000000a3200000|100%| O|  |TAMS 0x00000000a3200000, 0x00000000a3100000| Untracked 
|  50|0x00000000a3200000, 0x00000000a3300000, 0x00000000a3300000|100%| O|  |TAMS 0x00000000a3300000, 0x00000000a3200000| Untracked 
|  51|0x00000000a3300000, 0x00000000a3400000, 0x00000000a3400000|100%| O|  |TAMS 0x00000000a3400000, 0x00000000a3300000| Untracked 
|  52|0x00000000a3400000, 0x00000000a3500000, 0x00000000a3500000|100%| O|  |TAMS 0x00000000a3500000, 0x00000000a3400000| Untracked 
|  53|0x00000000a3500000, 0x00000000a3600000, 0x00000000a3600000|100%| O|  |TAMS 0x00000000a3600000, 0x00000000a3500000| Untracked 
|  54|0x00000000a3600000, 0x00000000a3700000, 0x00000000a3700000|100%| O|  |TAMS 0x00000000a3700000, 0x00000000a3600000| Untracked 
|  55|0x00000000a3700000, 0x00000000a3800000, 0x00000000a3800000|100%| O|  |TAMS 0x00000000a3800000, 0x00000000a3700000| Untracked 
|  56|0x00000000a3800000, 0x00000000a3900000, 0x00000000a3900000|100%| O|  |TAMS 0x00000000a3900000, 0x00000000a3800000| Untracked 
|  57|0x00000000a3900000, 0x00000000a3a00000, 0x00000000a3a00000|100%| O|  |TAMS 0x00000000a3a00000, 0x00000000a3900000| Untracked 
|  58|0x00000000a3a00000, 0x00000000a3b00000, 0x00000000a3b00000|100%| O|  |TAMS 0x00000000a3b00000, 0x00000000a3a00000| Untracked 
|  59|0x00000000a3b00000, 0x00000000a3c00000, 0x00000000a3c00000|100%| O|  |TAMS 0x00000000a3c00000, 0x00000000a3b00000| Complete 
|  60|0x00000000a3c00000, 0x00000000a3d00000, 0x00000000a3d00000|100%|HS|  |TAMS 0x00000000a3d00000, 0x00000000a3c00000| Complete 
|  61|0x00000000a3d00000, 0x00000000a3e00000, 0x00000000a3e00000|100%| O|  |TAMS 0x00000000a3e00000, 0x00000000a3d00000| Untracked 
|  62|0x00000000a3e00000, 0x00000000a3f00000, 0x00000000a3f00000|100%| O|  |TAMS 0x00000000a3f00000, 0x00000000a3e00000| Untracked 
|  63|0x00000000a3f00000, 0x00000000a4000000, 0x00000000a4000000|100%| O|  |TAMS 0x00000000a4000000, 0x00000000a3f00000| Untracked 
|  64|0x00000000a4000000, 0x00000000a4100000, 0x00000000a4100000|100%| O|  |TAMS 0x00000000a4100000, 0x00000000a4000000| Untracked 
|  65|0x00000000a4100000, 0x00000000a4200000, 0x00000000a4200000|100%| O|  |TAMS 0x00000000a4200000, 0x00000000a4100000| Untracked 
|  66|0x00000000a4200000, 0x00000000a4300000, 0x00000000a4300000|100%|HS|  |TAMS 0x00000000a4300000, 0x00000000a4200000| Complete 
|  67|0x00000000a4300000, 0x00000000a4400000, 0x00000000a4400000|100%|HS|  |TAMS 0x00000000a4400000, 0x00000000a4300000| Complete 
|  68|0x00000000a4400000, 0x00000000a4500000, 0x00000000a4500000|100%|HC|  |TAMS 0x00000000a4500000, 0x00000000a4400000| Complete 
|  69|0x00000000a4500000, 0x00000000a4600000, 0x00000000a4600000|100%| O|  |TAMS 0x00000000a4600000, 0x00000000a4500000| Untracked 
|  70|0x00000000a4600000, 0x00000000a4700000, 0x00000000a4700000|100%| O|  |TAMS 0x00000000a4700000, 0x00000000a4600000| Untracked 
|  71|0x00000000a4700000, 0x00000000a4800000, 0x00000000a4800000|100%| O|  |TAMS 0x00000000a4800000, 0x00000000a4700000| Untracked 
|  72|0x00000000a4800000, 0x00000000a4900000, 0x00000000a4900000|100%| O|  |TAMS 0x00000000a4900000, 0x00000000a4800000| Untracked 
|  73|0x00000000a4900000, 0x00000000a4a00000, 0x00000000a4a00000|100%| O|  |TAMS 0x00000000a4a00000, 0x00000000a4900000| Complete 
|  74|0x00000000a4a00000, 0x00000000a4b00000, 0x00000000a4b00000|100%|HS|  |TAMS 0x00000000a4b00000, 0x00000000a4a00000| Complete 
|  75|0x00000000a4b00000, 0x00000000a4c00000, 0x00000000a4c00000|100%|HC|  |TAMS 0x00000000a4c00000, 0x00000000a4b00000| Complete 
|  76|0x00000000a4c00000, 0x00000000a4d00000, 0x00000000a4d00000|100%|HC|  |TAMS 0x00000000a4d00000, 0x00000000a4c00000| Complete 
|  77|0x00000000a4d00000, 0x00000000a4e00000, 0x00000000a4e00000|100%| O|  |TAMS 0x00000000a4e00000, 0x00000000a4d00000| Untracked 
|  78|0x00000000a4e00000, 0x00000000a4f00000, 0x00000000a4f00000|100%| O|  |TAMS 0x00000000a4f00000, 0x00000000a4e00000| Untracked 
|  79|0x00000000a4f00000, 0x00000000a5000000, 0x00000000a5000000|100%| O|  |TAMS 0x00000000a5000000, 0x00000000a4f00000| Untracked 
|  80|0x00000000a5000000, 0x00000000a5100000, 0x00000000a5100000|100%| O|  |TAMS 0x00000000a5100000, 0x00000000a5000000| Untracked 
|  81|0x00000000a5100000, 0x00000000a5200000, 0x00000000a5200000|100%| O|  |TAMS 0x00000000a5200000, 0x00000000a5100000| Untracked 
|  82|0x00000000a5200000, 0x00000000a5300000, 0x00000000a5300000|100%| O|  |TAMS 0x00000000a5300000, 0x00000000a5200000| Complete 
|  83|0x00000000a5300000, 0x00000000a5400000, 0x00000000a5400000|100%| O|  |TAMS 0x00000000a5400000, 0x00000000a5300000| Complete 
|  84|0x00000000a5400000, 0x00000000a5500000, 0x00000000a5500000|100%|HS|  |TAMS 0x00000000a5500000, 0x00000000a5400000| Complete 
|  85|0x00000000a5500000, 0x00000000a5600000, 0x00000000a5600000|100%|HS|  |TAMS 0x00000000a5600000, 0x00000000a5500000| Complete 
|  86|0x00000000a5600000, 0x00000000a5700000, 0x00000000a5700000|100%| O|  |TAMS 0x00000000a5700000, 0x00000000a5600000| Untracked 
|  87|0x00000000a5700000, 0x00000000a5800000, 0x00000000a5800000|100%| O|  |TAMS 0x00000000a5800000, 0x00000000a5700000| Untracked 
|  88|0x00000000a5800000, 0x00000000a5900000, 0x00000000a5900000|100%| O|  |TAMS 0x00000000a5900000, 0x00000000a5800000| Untracked 
|  89|0x00000000a5900000, 0x00000000a5a00000, 0x00000000a5a00000|100%| O|  |TAMS 0x00000000a5a00000, 0x00000000a5900000| Untracked 
|  90|0x00000000a5a00000, 0x00000000a5b00000, 0x00000000a5b00000|100%| O|  |TAMS 0x00000000a5b00000, 0x00000000a5a00000| Complete 
|  91|0x00000000a5b00000, 0x00000000a5c00000, 0x00000000a5c00000|100%| O|  |TAMS 0x00000000a5c00000, 0x00000000a5b00000| Untracked 
|  92|0x00000000a5c00000, 0x00000000a5d00000, 0x00000000a5d00000|100%| O|  |TAMS 0x00000000a5d00000, 0x00000000a5c00000| Untracked 
|  93|0x00000000a5d00000, 0x00000000a5e00000, 0x00000000a5e00000|100%| O|  |TAMS 0x00000000a5e00000, 0x00000000a5d00000| Untracked 
|  94|0x00000000a5e00000, 0x00000000a5f00000, 0x00000000a5f00000|100%| O|  |TAMS 0x00000000a5f00000, 0x00000000a5e00000| Untracked 
|  95|0x00000000a5f00000, 0x00000000a6000000, 0x00000000a6000000|100%| O|  |TAMS 0x00000000a6000000, 0x00000000a5f00000| Complete 
|  96|0x00000000a6000000, 0x00000000a6100000, 0x00000000a6100000|100%| O|  |TAMS 0x00000000a6100000, 0x00000000a6000000| Complete 
|  97|0x00000000a6100000, 0x00000000a6200000, 0x00000000a6200000|100%| O|  |TAMS 0x00000000a6200000, 0x00000000a6100000| Untracked 
|  98|0x00000000a6200000, 0x00000000a6300000, 0x00000000a6300000|100%| O|  |TAMS 0x00000000a6300000, 0x00000000a6200000| Untracked 
|  99|0x00000000a6300000, 0x00000000a6400000, 0x00000000a6400000|100%| O|  |TAMS 0x00000000a6400000, 0x00000000a6300000| Untracked 
| 100|0x00000000a6400000, 0x00000000a6500000, 0x00000000a6500000|100%| O|  |TAMS 0x00000000a6500000, 0x00000000a6400000| Complete 
| 101|0x00000000a6500000, 0x00000000a6600000, 0x00000000a6600000|100%| O|  |TAMS 0x00000000a6600000, 0x00000000a6500000| Complete 
| 102|0x00000000a6600000, 0x00000000a6700000, 0x00000000a6700000|100%| O|  |TAMS 0x00000000a6700000, 0x00000000a6600000| Untracked 
| 103|0x00000000a6700000, 0x00000000a6800000, 0x00000000a6800000|100%| O|  |TAMS 0x00000000a6800000, 0x00000000a6700000| Untracked 
| 104|0x00000000a6800000, 0x00000000a6900000, 0x00000000a6900000|100%| O|  |TAMS 0x00000000a6900000, 0x00000000a6800000| Untracked 
| 105|0x00000000a6900000, 0x00000000a6a00000, 0x00000000a6a00000|100%| O|  |TAMS 0x00000000a6a00000, 0x00000000a6900000| Complete 
| 106|0x00000000a6a00000, 0x00000000a6b00000, 0x00000000a6b00000|100%| O|  |TAMS 0x00000000a6b00000, 0x00000000a6a00000| Untracked 
| 107|0x00000000a6b00000, 0x00000000a6c00000, 0x00000000a6c00000|100%| O|  |TAMS 0x00000000a6c00000, 0x00000000a6b00000| Untracked 
| 108|0x00000000a6c00000, 0x00000000a6d00000, 0x00000000a6d00000|100%| O|  |TAMS 0x00000000a6d00000, 0x00000000a6c00000| Untracked 
| 109|0x00000000a6d00000, 0x00000000a6e00000, 0x00000000a6e00000|100%| O|  |TAMS 0x00000000a6e00000, 0x00000000a6d00000| Complete 
| 110|0x00000000a6e00000, 0x00000000a6f00000, 0x00000000a6f00000|100%| O|  |TAMS 0x00000000a6f00000, 0x00000000a6e00000| Complete 
| 111|0x00000000a6f00000, 0x00000000a7000000, 0x00000000a7000000|100%| O|  |TAMS 0x00000000a7000000, 0x00000000a6f00000| Untracked 
| 112|0x00000000a7000000, 0x00000000a7100000, 0x00000000a7100000|100%| O|  |TAMS 0x00000000a7100000, 0x00000000a7000000| Complete 
| 113|0x00000000a7100000, 0x00000000a7200000, 0x00000000a7200000|100%| O|  |TAMS 0x00000000a7200000, 0x00000000a7100000| Complete 
| 114|0x00000000a7200000, 0x00000000a7300000, 0x00000000a7300000|100%| O|  |TAMS 0x00000000a7300000, 0x00000000a7200000| Untracked 
| 115|0x00000000a7300000, 0x00000000a7400000, 0x00000000a7400000|100%| O|  |TAMS 0x00000000a7400000, 0x00000000a7300000| Untracked 
| 116|0x00000000a7400000, 0x00000000a7500000, 0x00000000a7500000|100%| O|  |TAMS 0x00000000a7500000, 0x00000000a7400000| Complete 
| 117|0x00000000a7500000, 0x00000000a7600000, 0x00000000a7600000|100%| O|  |TAMS 0x00000000a7600000, 0x00000000a7500000| Untracked 
| 118|0x00000000a7600000, 0x00000000a7700000, 0x00000000a7700000|100%| O|  |TAMS 0x00000000a7700000, 0x00000000a7600000| Complete 
| 119|0x00000000a7700000, 0x00000000a7800000, 0x00000000a7800000|100%| O|  |TAMS 0x00000000a7800000, 0x00000000a7700000| Untracked 
| 120|0x00000000a7800000, 0x00000000a7900000, 0x00000000a7900000|100%| O|  |TAMS 0x00000000a7900000, 0x00000000a7800000| Untracked 
| 121|0x00000000a7900000, 0x00000000a7a00000, 0x00000000a7a00000|100%| O|  |TAMS 0x00000000a7a00000, 0x00000000a7900000| Untracked 
| 122|0x00000000a7a00000, 0x00000000a7b00000, 0x00000000a7b00000|100%| O|  |TAMS 0x00000000a7b00000, 0x00000000a7a00000| Untracked 
| 123|0x00000000a7b00000, 0x00000000a7c00000, 0x00000000a7c00000|100%| O|  |TAMS 0x00000000a7c00000, 0x00000000a7b00000| Untracked 
| 124|0x00000000a7c00000, 0x00000000a7d00000, 0x00000000a7d00000|100%| O|  |TAMS 0x00000000a7d00000, 0x00000000a7c00000| Untracked 
| 125|0x00000000a7d00000, 0x00000000a7e00000, 0x00000000a7e00000|100%| O|  |TAMS 0x00000000a7e00000, 0x00000000a7d00000| Untracked 
| 126|0x00000000a7e00000, 0x00000000a7f00000, 0x00000000a7f00000|100%| O|  |TAMS 0x00000000a7f00000, 0x00000000a7e00000| Complete 
| 127|0x00000000a7f00000, 0x00000000a8000000, 0x00000000a8000000|100%| O|  |TAMS 0x00000000a8000000, 0x00000000a7f00000| Complete 
| 128|0x00000000a8000000, 0x00000000a8100000, 0x00000000a8100000|100%| O|  |TAMS 0x00000000a8100000, 0x00000000a8000000| Complete 
| 129|0x00000000a8100000, 0x00000000a8200000, 0x00000000a8200000|100%| O|  |TAMS 0x00000000a8200000, 0x00000000a8100000| Untracked 
| 130|0x00000000a8200000, 0x00000000a8300000, 0x00000000a8300000|100%| O|  |TAMS 0x00000000a8300000, 0x00000000a8200000| Complete 
| 131|0x00000000a8300000, 0x00000000a8400000, 0x00000000a8400000|100%| O|  |TAMS 0x00000000a8400000, 0x00000000a8300000| Untracked 
| 132|0x00000000a8400000, 0x00000000a8500000, 0x00000000a8500000|100%| O|  |TAMS 0x00000000a8500000, 0x00000000a8400000| Untracked 
| 133|0x00000000a8500000, 0x00000000a8600000, 0x00000000a8600000|100%| O|  |TAMS 0x00000000a8600000, 0x00000000a8500000| Untracked 
| 134|0x00000000a8600000, 0x00000000a8700000, 0x00000000a8700000|100%| O|  |TAMS 0x00000000a8700000, 0x00000000a8600000| Untracked 
| 135|0x00000000a8700000, 0x00000000a8800000, 0x00000000a8800000|100%| O|  |TAMS 0x00000000a8800000, 0x00000000a8700000| Complete 
| 136|0x00000000a8800000, 0x00000000a8900000, 0x00000000a8900000|100%| O|  |TAMS 0x00000000a8900000, 0x00000000a8800000| Complete 
| 137|0x00000000a8900000, 0x00000000a8a00000, 0x00000000a8a00000|100%| O|  |TAMS 0x00000000a8a00000, 0x00000000a8900000| Complete 
| 138|0x00000000a8a00000, 0x00000000a8b00000, 0x00000000a8b00000|100%| O|  |TAMS 0x00000000a8b00000, 0x00000000a8a00000| Complete 
| 139|0x00000000a8b00000, 0x00000000a8c00000, 0x00000000a8c00000|100%| O|  |TAMS 0x00000000a8bae400, 0x00000000a8b00000| Complete 
| 140|0x00000000a8c00000, 0x00000000a8d00000, 0x00000000a8d00000|100%| O|  |TAMS 0x00000000a8d00000, 0x00000000a8c00000| Untracked 
| 141|0x00000000a8d00000, 0x00000000a8e00000, 0x00000000a8e00000|100%| O|  |TAMS 0x00000000a8e00000, 0x00000000a8d00000| Untracked 
| 142|0x00000000a8e00000, 0x00000000a8f00000, 0x00000000a8f00000|100%| O|  |TAMS 0x00000000a8f00000, 0x00000000a8e00000| Complete 
| 143|0x00000000a8f00000, 0x00000000a8fc7a00, 0x00000000a9000000| 77%| O|  |TAMS 0x00000000a8f00000, 0x00000000a8f00000| Untracked 
| 144|0x00000000a9000000, 0x00000000a9000000, 0x00000000a9100000|  0%| F|  |TAMS 0x00000000a9000000, 0x00000000a9000000| Untracked 
| 145|0x00000000a9100000, 0x00000000a9100000, 0x00000000a9200000|  0%| F|  |TAMS 0x00000000a9100000, 0x00000000a9100000| Untracked 
| 146|0x00000000a9200000, 0x00000000a9200000, 0x00000000a9300000|  0%| F|  |TAMS 0x00000000a9200000, 0x00000000a9200000| Untracked 
| 147|0x00000000a9300000, 0x00000000a9300000, 0x00000000a9400000|  0%| F|  |TAMS 0x00000000a9300000, 0x00000000a9300000| Untracked 
| 148|0x00000000a9400000, 0x00000000a9400000, 0x00000000a9500000|  0%| F|  |TAMS 0x00000000a9400000, 0x00000000a9400000| Untracked 
| 149|0x00000000a9500000, 0x00000000a9500000, 0x00000000a9600000|  0%| F|  |TAMS 0x00000000a9500000, 0x00000000a9500000| Untracked 
| 150|0x00000000a9600000, 0x00000000a9600000, 0x00000000a9700000|  0%| F|  |TAMS 0x00000000a9600000, 0x00000000a9600000| Untracked 
| 151|0x00000000a9700000, 0x00000000a9700000, 0x00000000a9800000|  0%| F|  |TAMS 0x00000000a9700000, 0x00000000a9700000| Untracked 
| 152|0x00000000a9800000, 0x00000000a9800000, 0x00000000a9900000|  0%| F|  |TAMS 0x00000000a9800000, 0x00000000a9800000| Untracked 
| 153|0x00000000a9900000, 0x00000000a9900000, 0x00000000a9a00000|  0%| F|  |TAMS 0x00000000a9900000, 0x00000000a9900000| Untracked 
| 154|0x00000000a9a00000, 0x00000000a9a00000, 0x00000000a9b00000|  0%| F|  |TAMS 0x00000000a9a00000, 0x00000000a9a00000| Untracked 
| 155|0x00000000a9b00000, 0x00000000a9b00000, 0x00000000a9c00000|  0%| F|  |TAMS 0x00000000a9b00000, 0x00000000a9b00000| Untracked 
| 156|0x00000000a9c00000, 0x00000000a9c00000, 0x00000000a9d00000|  0%| F|  |TAMS 0x00000000a9c00000, 0x00000000a9c00000| Untracked 
| 157|0x00000000a9d00000, 0x00000000a9d00000, 0x00000000a9e00000|  0%| F|  |TAMS 0x00000000a9d00000, 0x00000000a9d00000| Untracked 
| 158|0x00000000a9e00000, 0x00000000a9e00000, 0x00000000a9f00000|  0%| F|  |TAMS 0x00000000a9e00000, 0x00000000a9e00000| Untracked 
| 159|0x00000000a9f00000, 0x00000000a9f00000, 0x00000000aa000000|  0%| F|  |TAMS 0x00000000a9f00000, 0x00000000a9f00000| Untracked 
| 160|0x00000000aa000000, 0x00000000aa000000, 0x00000000aa100000|  0%| F|  |TAMS 0x00000000aa000000, 0x00000000aa000000| Untracked 
| 161|0x00000000aa100000, 0x00000000aa100000, 0x00000000aa200000|  0%| F|  |TAMS 0x00000000aa100000, 0x00000000aa100000| Untracked 
| 162|0x00000000aa200000, 0x00000000aa200000, 0x00000000aa300000|  0%| F|  |TAMS 0x00000000aa200000, 0x00000000aa200000| Untracked 
| 163|0x00000000aa300000, 0x00000000aa300000, 0x00000000aa400000|  0%| F|  |TAMS 0x00000000aa300000, 0x00000000aa300000| Untracked 
| 164|0x00000000aa400000, 0x00000000aa400000, 0x00000000aa500000|  0%| F|  |TAMS 0x00000000aa400000, 0x00000000aa400000| Untracked 
| 165|0x00000000aa500000, 0x00000000aa538e40, 0x00000000aa600000| 22%| S|CS|TAMS 0x00000000aa500000, 0x00000000aa500000| Complete 
| 166|0x00000000aa600000, 0x00000000aa700000, 0x00000000aa700000|100%| S|CS|TAMS 0x00000000aa600000, 0x00000000aa600000| Complete 
| 167|0x00000000aa700000, 0x00000000aa800000, 0x00000000aa800000|100%| S|CS|TAMS 0x00000000aa700000, 0x00000000aa700000| Complete 
| 168|0x00000000aa800000, 0x00000000aa800000, 0x00000000aa900000|  0%| F|  |TAMS 0x00000000aa800000, 0x00000000aa800000| Untracked 
| 169|0x00000000aa900000, 0x00000000aa900000, 0x00000000aaa00000|  0%| F|  |TAMS 0x00000000aa900000, 0x00000000aa900000| Untracked 
| 170|0x00000000aaa00000, 0x00000000aaa00000, 0x00000000aab00000|  0%| F|  |TAMS 0x00000000aaa00000, 0x00000000aaa00000| Untracked 
| 171|0x00000000aab00000, 0x00000000aab00000, 0x00000000aac00000|  0%| F|  |TAMS 0x00000000aab00000, 0x00000000aab00000| Untracked 
| 172|0x00000000aac00000, 0x00000000aac00000, 0x00000000aad00000|  0%| F|  |TAMS 0x00000000aac00000, 0x00000000aac00000| Untracked 
| 173|0x00000000aad00000, 0x00000000aad00000, 0x00000000aae00000|  0%| F|  |TAMS 0x00000000aad00000, 0x00000000aad00000| Untracked 
| 174|0x00000000aae00000, 0x00000000aae00000, 0x00000000aaf00000|  0%| F|  |TAMS 0x00000000aae00000, 0x00000000aae00000| Untracked 
| 175|0x00000000aaf00000, 0x00000000aaf00000, 0x00000000ab000000|  0%| F|  |TAMS 0x00000000aaf00000, 0x00000000aaf00000| Untracked 
| 176|0x00000000ab000000, 0x00000000ab000000, 0x00000000ab100000|  0%| F|  |TAMS 0x00000000ab000000, 0x00000000ab000000| Untracked 
| 177|0x00000000ab100000, 0x00000000ab100000, 0x00000000ab200000|  0%| F|  |TAMS 0x00000000ab100000, 0x00000000ab100000| Untracked 
| 178|0x00000000ab200000, 0x00000000ab200000, 0x00000000ab300000|  0%| F|  |TAMS 0x00000000ab200000, 0x00000000ab200000| Untracked 
| 179|0x00000000ab300000, 0x00000000ab300000, 0x00000000ab400000|  0%| F|  |TAMS 0x00000000ab300000, 0x00000000ab300000| Untracked 
| 180|0x00000000ab400000, 0x00000000ab400000, 0x00000000ab500000|  0%| F|  |TAMS 0x00000000ab400000, 0x00000000ab400000| Untracked 
| 181|0x00000000ab500000, 0x00000000ab500000, 0x00000000ab600000|  0%| F|  |TAMS 0x00000000ab500000, 0x00000000ab500000| Untracked 
| 182|0x00000000ab600000, 0x00000000ab63dbf0, 0x00000000ab700000| 24%| E|  |TAMS 0x00000000ab600000, 0x00000000ab600000| Complete 
| 183|0x00000000ab700000, 0x00000000ab800000, 0x00000000ab800000|100%| E|CS|TAMS 0x00000000ab700000, 0x00000000ab700000| Complete 
| 184|0x00000000ab800000, 0x00000000ab900000, 0x00000000ab900000|100%| E|CS|TAMS 0x00000000ab800000, 0x00000000ab800000| Complete 

Card table byte_map: [0x00000216e7040000,0x00000216e7340000] _byte_map_base: 0x00000216e6b40000

Marking Bits (Prev, Next): (CMBitMap*) 0x00000216d2486e00, (CMBitMap*) 0x00000216d2486dc8
 Prev Bits: [0x00000216e8e40000, 0x00000216ea640000)
 Next Bits: [0x00000216e7640000, 0x00000216e8e40000)

Polling page: 0x00000216d22a0000

Metaspace:

Usage:
  Non-class:     75.12 MB capacity,    72.18 MB ( 96%) used,     2.69 MB (  4%) free+waste,   251.75 KB ( <1%) overhead. 
      Class:     12.22 MB capacity,    10.87 MB ( 89%) used,     1.23 MB ( 10%) free+waste,   120.13 KB ( <1%) overhead. 
       Both:     87.34 MB capacity,    83.06 MB ( 95%) used,     3.92 MB (  4%) free+waste,   371.88 KB ( <1%) overhead. 

Virtual space:
  Non-class space:       76.00 MB reserved,      75.16 MB ( 99%) committed 
      Class space:        1.00 GB reserved,      12.25 MB (  1%) committed 
             Both:        1.07 GB reserved,      87.41 MB (  8%) committed 

Chunk freelists:
   Non-Class:  39.00 KB
       Class:  3.00 KB
        Both:  42.00 KB

MaxMetaspaceSize: 17179869184.00 GB
CompressedClassSpaceSize: 1.00 GB

CodeHeap 'non-profiled nmethods': size=120064Kb used=8170Kb max_used=8170Kb free=111893Kb
 bounds [0x00000216df1e0000, 0x00000216df9e0000, 0x00000216e6720000]
CodeHeap 'profiled nmethods': size=120000Kb used=25221Kb max_used=25221Kb free=94778Kb
 bounds [0x00000216d7cb0000, 0x00000216d9560000, 0x00000216df1e0000]
CodeHeap 'non-nmethods': size=5696Kb used=2271Kb max_used=2338Kb free=3425Kb
 bounds [0x00000216d7720000, 0x00000216d7990000, 0x00000216d7cb0000]
 total_blobs=12927 nmethods=12061 adapters=776
 compilation: enabled
              stopped_count=0, restarted_count=0
 full_count=0

Compilation events (20 events):
Event: 82.262 Thread 0x00000216ecc5c800 nmethod 12168 0x00000216d9547e90 code [0x00000216d9548060, 0x00000216d9548288]
Event: 82.262 Thread 0x00000216ecc5c800 12169       3       java.util.HashMap$ValueSpliterator::<init> (12 bytes)
Event: 82.262 Thread 0x00000216ecc5c800 nmethod 12169 0x00000216d9548390 code [0x00000216d9548540, 0x00000216d9548758]
Event: 83.270 Thread 0x00000216ecc56000 12170       4       java.util.stream.AbstractPipeline::sequential (10 bytes)
Event: 83.271 Thread 0x00000216ecc56000 nmethod 12170 0x00000216df9d9e90 code [0x00000216df9da020, 0x00000216df9da098]
Event: 85.767 Thread 0x00000216ecc5c800 12171       3       java.util.concurrent.SynchronousQueue$TransferStack$SNode::isCancelled (14 bytes)
Event: 85.769 Thread 0x00000216ecc5c800 nmethod 12171 0x00000216d9548890 code [0x00000216d9548a40, 0x00000216d9548b98]
Event: 85.773 Thread 0x00000216ecc56000 12172       4       java.util.concurrent.SynchronousQueue$TransferStack$SNode::isCancelled (14 bytes)
Event: 85.773 Thread 0x00000216ecc56000 nmethod 12172 0x00000216df9da110 code [0x00000216df9da2a0, 0x00000216df9da318]
Event: 89.917 Thread 0x00000216ecc5c800 12173       3       java.util.concurrent.SynchronousQueue$TransferStack::awaitFulfill (169 bytes)
Event: 89.920 Thread 0x00000216ecc5c800 nmethod 12173 0x00000216d9548c10 code [0x00000216d9549080, 0x00000216d954b428]
Event: 89.921 Thread 0x00000216ecc56000 12174       4       java.util.HashMap::remove (26 bytes)
Event: 89.922 Thread 0x00000216ecc5c800 12175   !   3       java.lang.ThreadGroup::remove (94 bytes)
Event: 89.922 Thread 0x00000216ecc56000 nmethod 12174 0x00000216df9da390 code [0x00000216df9da540, 0x00000216df9da668]
Event: 89.922 Thread 0x00000216ecc5c800 nmethod 12175 0x00000216d954bf90 code [0x00000216d954c180, 0x00000216d954c848]
Event: 89.924 Thread 0x00000216ecc5c800 12176       3       java.util.concurrent.SynchronousQueue$TransferStack::clean (115 bytes)
Event: 89.929 Thread 0x00000216ecc5c800 nmethod 12176 0x00000216d954cb10 code [0x00000216d954cf20, 0x00000216d954ec28]
Event: 89.929 Thread 0x00000216ecc5c800 12177       1       java.util.concurrent.SynchronousQueue::isEmpty (2 bytes)
Event: 89.929 Thread 0x00000216ecc5c800 nmethod 12177 0x00000216df9da790 code [0x00000216df9da940, 0x00000216df9da9f8]
Event: 90.270 Thread 0x00000216ecc56000 12178       4       javax.management.ObjectName::construct (1135 bytes)

GC Heap History (20 events):
Event: 64.526 GC heap before
{Heap before GC invocations=55 (full 0):
 garbage-first heap   total 189440K, used 163373K [0x00000000a0000000, 0x0000000100000000)
  region size 1024K, 41 young (41984K), 2 survivors (2048K)
 Metaspace       used 80995K, capacity 85216K, committed 85284K, reserved 1122304K
  class space    used 10561K, capacity 11855K, committed 11904K, reserved 1048576K
}
Event: 64.531 GC heap after
{Heap after GC invocations=56 (full 0):
 garbage-first heap   total 189440K, used 123540K [0x00000000a0000000, 0x0000000100000000)
  region size 1024K, 2 young (2048K), 2 survivors (2048K)
 Metaspace       used 80995K, capacity 85216K, committed 85284K, reserved 1122304K
  class space    used 10561K, capacity 11855K, committed 11904K, reserved 1048576K
}
Event: 66.297 GC heap before
{Heap before GC invocations=56 (full 0):
 garbage-first heap   total 189440K, used 163476K [0x00000000a0000000, 0x0000000100000000)
  region size 1024K, 41 young (41984K), 2 survivors (2048K)
 Metaspace       used 80995K, capacity 85216K, committed 85284K, reserved 1122304K
  class space    used 10561K, capacity 11855K, committed 11904K, reserved 1048576K
}
Event: 66.301 GC heap after
{Heap after GC invocations=57 (full 0):
 garbage-first heap   total 189440K, used 123517K [0x00000000a0000000, 0x0000000100000000)
  region size 1024K, 2 young (2048K), 2 survivors (2048K)
 Metaspace       used 80995K, capacity 85216K, committed 85284K, reserved 1122304K
  class space    used 10561K, capacity 11855K, committed 11904K, reserved 1048576K
}
Event: 67.936 GC heap before
{Heap before GC invocations=58 (full 0):
 garbage-first heap   total 189440K, used 163453K [0x00000000a0000000, 0x0000000100000000)
  region size 1024K, 41 young (41984K), 2 survivors (2048K)
 Metaspace       used 80996K, capacity 85216K, committed 85284K, reserved 1122304K
  class space    used 10561K, capacity 11855K, committed 11904K, reserved 1048576K
}
Event: 67.941 GC heap after
{Heap after GC invocations=59 (full 0):
 garbage-first heap   total 189440K, used 123223K [0x00000000a0000000, 0x0000000100000000)
  region size 1024K, 1 young (1024K), 1 survivors (1024K)
 Metaspace       used 80996K, capacity 85216K, committed 85284K, reserved 1122304K
  class space    used 10561K, capacity 11855K, committed 11904K, reserved 1048576K
}
Event: 70.020 GC heap before
{Heap before GC invocations=59 (full 0):
 garbage-first heap   total 189440K, used 164183K [0x00000000a0000000, 0x0000000100000000)
  region size 1024K, 41 young (41984K), 1 survivors (1024K)
 Metaspace       used 82557K, capacity 86864K, committed 87076K, reserved 1124352K
  class space    used 10747K, capacity 12094K, committed 12160K, reserved 1048576K
}
Event: 70.044 GC heap after
{Heap after GC invocations=60 (full 0):
 garbage-first heap   total 189440K, used 130617K [0x00000000a0000000, 0x0000000100000000)
  region size 1024K, 6 young (6144K), 6 survivors (6144K)
 Metaspace       used 82557K, capacity 86864K, committed 87076K, reserved 1124352K
  class space    used 10747K, capacity 12094K, committed 12160K, reserved 1048576K
}
Event: 71.339 GC heap before
{Heap before GC invocations=61 (full 0):
 garbage-first heap   total 189440K, used 161337K [0x00000000a0000000, 0x0000000100000000)
  region size 1024K, 36 young (36864K), 6 survivors (6144K)
 Metaspace       used 83088K, capacity 87425K, committed 87716K, reserved 1124352K
  class space    used 10816K, capacity 12187K, committed 12288K, reserved 1048576K
}
Event: 71.376 GC heap after
{Heap after GC invocations=62 (full 0):
 garbage-first heap   total 189440K, used 138508K [0x00000000a0000000, 0x0000000100000000)
  region size 1024K, 5 young (5120K), 5 survivors (5120K)
 Metaspace       used 83088K, capacity 87425K, committed 87716K, reserved 1124352K
  class space    used 10816K, capacity 12187K, committed 12288K, reserved 1048576K
}
Event: 72.198 GC heap before
{Heap before GC invocations=62 (full 0):
 garbage-first heap   total 189440K, used 158988K [0x00000000a0000000, 0x0000000100000000)
  region size 1024K, 25 young (25600K), 5 survivors (5120K)
 Metaspace       used 83740K, capacity 88108K, committed 88228K, reserved 1126400K
  class space    used 10909K, capacity 12279K, committed 12288K, reserved 1048576K
}
Event: 72.214 GC heap after
{Heap after GC invocations=63 (full 0):
 garbage-first heap   total 189440K, used 141811K [0x00000000a0000000, 0x0000000100000000)
  region size 1024K, 3 young (3072K), 3 survivors (3072K)
 Metaspace       used 83740K, capacity 88108K, committed 88228K, reserved 1126400K
  class space    used 10909K, capacity 12279K, committed 12288K, reserved 1048576K
}
Event: 73.167 GC heap before
{Heap before GC invocations=64 (full 0):
 garbage-first heap   total 189440K, used 155123K [0x00000000a0000000, 0x0000000100000000)
  region size 1024K, 18 young (18432K), 3 survivors (3072K)
 Metaspace       used 84277K, capacity 88632K, committed 88868K, reserved 1126400K
  class space    used 10990K, capacity 12346K, committed 12416K, reserved 1048576K
}
Event: 73.181 GC heap after
{Heap after GC invocations=65 (full 0):
 garbage-first heap   total 189440K, used 144902K [0x00000000a0000000, 0x0000000100000000)
  region size 1024K, 3 young (3072K), 3 survivors (3072K)
 Metaspace       used 84277K, capacity 88632K, committed 88868K, reserved 1126400K
  class space    used 10990K, capacity 12346K, committed 12416K, reserved 1048576K
}
Event: 73.935 GC heap before
{Heap before GC invocations=66 (full 0):
 garbage-first heap   total 189440K, used 161286K [0x00000000a0000000, 0x0000000100000000)
  region size 1024K, 19 young (19456K), 3 survivors (3072K)
 Metaspace       used 84468K, capacity 88835K, committed 88868K, reserved 1126400K
  class space    used 11026K, capacity 12393K, committed 12416K, reserved 1048576K
}
Event: 73.944 GC heap after
{Heap after GC invocations=67 (full 0):
 garbage-first heap   total 189440K, used 147605K [0x00000000a0000000, 0x0000000100000000)
  region size 1024K, 3 young (3072K), 3 survivors (3072K)
 Metaspace       used 84468K, capacity 88835K, committed 88868K, reserved 1126400K
  class space    used 11026K, capacity 12393K, committed 12416K, reserved 1048576K
}
Event: 74.421 GC heap before
{Heap before GC invocations=67 (full 0):
 garbage-first heap   total 189440K, used 161941K [0x00000000a0000000, 0x0000000100000000)
  region size 1024K, 17 young (17408K), 3 survivors (3072K)
 Metaspace       used 84472K, capacity 88835K, committed 88868K, reserved 1126400K
  class space    used 11026K, capacity 12393K, committed 12416K, reserved 1048576K
}
Event: 74.426 GC heap after
{Heap after GC invocations=68 (full 0):
 garbage-first heap   total 189440K, used 148445K [0x00000000a0000000, 0x0000000100000000)
  region size 1024K, 3 young (3072K), 3 survivors (3072K)
 Metaspace       used 84472K, capacity 88835K, committed 88868K, reserved 1126400K
  class space    used 11026K, capacity 12393K, committed 12416K, reserved 1048576K
}
Event: 74.957 GC heap before
{Heap before GC invocations=68 (full 0):
 garbage-first heap   total 189440K, used 162781K [0x00000000a0000000, 0x0000000100000000)
  region size 1024K, 17 young (17408K), 3 survivors (3072K)
 Metaspace       used 84879K, capacity 89261K, committed 89508K, reserved 1126400K
  class space    used 11110K, capacity 12493K, committed 12544K, reserved 1048576K
}
Event: 74.963 GC heap after
{Heap after GC invocations=69 (full 0):
 garbage-first heap   total 189440K, used 149506K [0x00000000a0000000, 0x0000000100000000)
  region size 1024K, 3 young (3072K), 3 survivors (3072K)
 Metaspace       used 84879K, capacity 89261K, committed 89508K, reserved 1126400K
  class space    used 11110K, capacity 12493K, committed 12544K, reserved 1048576K
}

Deoptimization events (20 events):
Event: 89.925 Thread 0x00000216f00f9800 Uncommon trap: trap_request=0xffffff4d fr.pc=0x00000216df64a070 relative=0x0000000000000890
Event: 89.925 Thread 0x00000216f00f9800 Uncommon trap: reason=unstable_if action=reinterpret pc=0x00000216df64a070 method=java.util.concurrent.SynchronousQueue$TransferStack.awaitFulfill(Ljava/util/concurrent/SynchronousQueue$TransferStack$SNode;ZJ)Ljava/util/concurrent/SynchronousQueue$Transfe
Event: 89.925 Thread 0x00000216f00f9800 DEOPT PACKING pc=0x00000216df64a070 sp=0x0000003b032feac0
Event: 89.925 Thread 0x00000216f00f9800 DEOPT UNPACKING pc=0x00000216d77478af sp=0x0000003b032fea60 mode 2
Event: 89.926 Thread 0x00000216f00f4000 Uncommon trap: trap_request=0xffffff4d fr.pc=0x00000216df64a070 relative=0x0000000000000890
Event: 89.926 Thread 0x00000216f00f4000 Uncommon trap: reason=unstable_if action=reinterpret pc=0x00000216df64a070 method=java.util.concurrent.SynchronousQueue$TransferStack.awaitFulfill(Ljava/util/concurrent/SynchronousQueue$TransferStack$SNode;ZJ)Ljava/util/concurrent/SynchronousQueue$Transfe
Event: 89.926 Thread 0x00000216f00f4000 DEOPT PACKING pc=0x00000216df64a070 sp=0x0000003b033fed10
Event: 89.926 Thread 0x00000216f00f4000 DEOPT UNPACKING pc=0x00000216d77478af sp=0x0000003b033fecb0 mode 2
Event: 89.926 Thread 0x00000216f00f5000 Uncommon trap: trap_request=0xffffff4d fr.pc=0x00000216df64a070 relative=0x0000000000000890
Event: 89.926 Thread 0x00000216f00f5000 Uncommon trap: reason=unstable_if action=reinterpret pc=0x00000216df64a070 method=java.util.concurrent.SynchronousQueue$TransferStack.awaitFulfill(Ljava/util/concurrent/SynchronousQueue$TransferStack$SNode;ZJ)Ljava/util/concurrent/SynchronousQueue$Transfe
Event: 89.926 Thread 0x00000216f00f5000 DEOPT PACKING pc=0x00000216df64a070 sp=0x0000003b034feaa0
Event: 89.926 Thread 0x00000216f00f5000 DEOPT UNPACKING pc=0x00000216d77478af sp=0x0000003b034fea40 mode 2
Event: 89.926 Thread 0x00000216f00fb800 Uncommon trap: trap_request=0xffffff4d fr.pc=0x00000216df64a070 relative=0x0000000000000890
Event: 89.926 Thread 0x00000216f00fb800 Uncommon trap: reason=unstable_if action=reinterpret pc=0x00000216df64a070 method=java.util.concurrent.SynchronousQueue$TransferStack.awaitFulfill(Ljava/util/concurrent/SynchronousQueue$TransferStack$SNode;ZJ)Ljava/util/concurrent/SynchronousQueue$Transfe
Event: 89.926 Thread 0x00000216f00fb800 DEOPT PACKING pc=0x00000216df64a070 sp=0x0000003b035fee60
Event: 89.926 Thread 0x00000216f00fb800 DEOPT UNPACKING pc=0x00000216d77478af sp=0x0000003b035fee00 mode 2
Event: 89.962 Thread 0x00000216f151b800 Uncommon trap: trap_request=0xffffff4d fr.pc=0x00000216df64a070 relative=0x0000000000000890
Event: 89.962 Thread 0x00000216f151b800 Uncommon trap: reason=unstable_if action=reinterpret pc=0x00000216df64a070 method=java.util.concurrent.SynchronousQueue$TransferStack.awaitFulfill(Ljava/util/concurrent/SynchronousQueue$TransferStack$SNode;ZJ)Ljava/util/concurrent/SynchronousQueue$Transfe
Event: 89.962 Thread 0x00000216f151b800 DEOPT PACKING pc=0x00000216df64a070 sp=0x0000003b061ff060
Event: 89.962 Thread 0x00000216f151b800 DEOPT UNPACKING pc=0x00000216d77478af sp=0x0000003b061ff000 mode 2

Classes redefined (0 events):
No events

Internal exceptions (20 events):
Event: 74.864 Thread 0x00000216ee792000 Exception <a 'java/lang/NoSuchMethodError'{0x00000000aae59950}: 'void java.lang.invoke.DirectMethodHandle$Holder.invokeVirtual(java.lang.Object, java.lang.Object)'> (0x00000000aae59950) thrown at [./src/hotspot/share/interpreter/linkResolver.cpp, line 773]
Event: 74.943 Thread 0x00000216ee792000 Exception <a 'java/lang/ClassNotFoundException'{0x00000000aac12930}: org/gradle/process/internal/DefaultExecAction_DecoratedBeanInfo> (0x00000000aac12930) thrown at [./src/hotspot/share/classfile/systemDictionary.cpp, line 231]
Event: 74.944 Thread 0x00000216ee792000 Exception <a 'java/lang/ClassNotFoundException'{0x00000000aac3cb38}: org/gradle/process/internal/DefaultExecActionBeanInfo> (0x00000000aac3cb38) thrown at [./src/hotspot/share/classfile/systemDictionary.cpp, line 231]
Event: 74.945 Thread 0x00000216ee792000 Exception <a 'java/lang/ClassNotFoundException'{0x00000000aac68c98}: org/gradle/process/internal/DefaultExecHandleBuilderBeanInfo> (0x00000000aac68c98) thrown at [./src/hotspot/share/classfile/systemDictionary.cpp, line 231]
Event: 74.946 Thread 0x00000216ee792000 Exception <a 'java/lang/ClassNotFoundException'{0x00000000aac95008}: org/gradle/process/internal/AbstractExecHandleBuilderBeanInfo> (0x00000000aac95008) thrown at [./src/hotspot/share/classfile/systemDictionary.cpp, line 231]
Event: 74.948 Thread 0x00000216ee792000 Exception <a 'java/lang/ClassNotFoundException'{0x00000000aacc11b8}: org/gradle/process/internal/DefaultProcessForkOptionsBeanInfo> (0x00000000aacc11b8) thrown at [./src/hotspot/share/classfile/systemDictionary.cpp, line 231]
Event: 74.949 Thread 0x00000216ee792000 Exception <a 'java/lang/ClassNotFoundException'{0x00000000aaced3f0}: org/gradle/process/internal/DefaultProcessForkOptionsCustomizer> (0x00000000aaced3f0) thrown at [./src/hotspot/share/classfile/systemDictionary.cpp, line 231]
Event: 74.952 Thread 0x00000216ee792000 Exception <a 'java/lang/ClassNotFoundException'{0x00000000aab25d10}: org/gradle/process/internal/AbstractExecHandleBuilderCustomizer> (0x00000000aab25d10) thrown at [./src/hotspot/share/classfile/systemDictionary.cpp, line 231]
Event: 74.953 Thread 0x00000216ee792000 Exception <a 'java/lang/ClassNotFoundException'{0x00000000aab63ac8}: org/gradle/process/internal/DefaultExecHandleBuilderCustomizer> (0x00000000aab63ac8) thrown at [./src/hotspot/share/classfile/systemDictionary.cpp, line 231]
Event: 74.955 Thread 0x00000216ee792000 Exception <a 'java/lang/ClassNotFoundException'{0x00000000aabba5a0}: org/gradle/process/internal/DefaultExecActionCustomizer> (0x00000000aabba5a0) thrown at [./src/hotspot/share/classfile/systemDictionary.cpp, line 231]
Event: 74.956 Thread 0x00000216ee792000 Exception <a 'java/lang/ClassNotFoundException'{0x00000000aabf0668}: org/gradle/process/internal/DefaultExecAction_DecoratedCustomizer> (0x00000000aabf0668) thrown at [./src/hotspot/share/classfile/systemDictionary.cpp, line 231]
Event: 74.972 Thread 0x00000216ee792000 Exception <a 'java/lang/ClassNotFoundException'{0x00000000ab8415a8}: org/gradle/api/logging/LogLevelBeanInfo> (0x00000000ab8415a8) thrown at [./src/hotspot/share/classfile/systemDictionary.cpp, line 231]
Event: 74.974 Thread 0x00000216ee792000 Exception <a 'java/lang/ClassNotFoundException'{0x00000000ab866d90}: org/gradle/api/logging/LogLevelCustomizer> (0x00000000ab866d90) thrown at [./src/hotspot/share/classfile/systemDictionary.cpp, line 231]
Event: 74.977 Thread 0x00000216ee792000 Exception <a 'java/lang/ClassNotFoundException'{0x00000000ab8c8e18}: org/gradle/internal/logging/compatbridge/LoggingManagerInternalCompatibilityBridgeBeanInfo> (0x00000000ab8c8e18) thrown at [./src/hotspot/share/classfile/systemDictionary.cpp, line 231]
Event: 74.989 Thread 0x00000216ee792000 Exception <a 'java/lang/ClassNotFoundException'{0x00000000ab8fcc60}: org/gradle/internal/logging/compatbridge/LoggingManagerInternalCompatibilityBridgeCustomizer> (0x00000000ab8fcc60) thrown at [./src/hotspot/share/classfile/systemDictionary.cpp, line 231]
Event: 75.038 Thread 0x00000216f76ce800 Exception <a 'java/lang/NoSuchMethodError'{0x00000000ab795bd8}: 'void java.lang.invoke.DirectMethodHandle$Holder.invokeStatic(java.lang.Object, long)'> (0x00000000ab795bd8) thrown at [./src/hotspot/share/interpreter/linkResolver.cpp, line 773]
Event: 75.039 Thread 0x00000216f76ce800 Exception <a 'java/lang/NoSuchMethodError'{0x00000000ab79b048}: 'java.lang.Object java.lang.invoke.DirectMethodHandle$Holder.invokeStatic(java.lang.Object, long)'> (0x00000000ab79b048) thrown at [./src/hotspot/share/interpreter/linkResolver.cpp, line 773]
Event: 75.044 Thread 0x00000216f76ce800 Exception <a 'java/lang/NoSuchMethodError'{0x00000000ab7a93b0}: 'java.lang.Object java.lang.invoke.DirectMethodHandle$Holder.invokeStaticInit(java.lang.Object, java.lang.Object, long, java.lang.Object)'> (0x00000000ab7a93b0) thrown at [./src/hotspot/share/interpreter/linkResolver.cpp, line 773]
Event: 75.045 Thread 0x00000216f76ce800 Exception <a 'java/lang/NoSuchMethodError'{0x00000000ab7af2a0}: 'java.lang.Object java.lang.invoke.DirectMethodHandle$Holder.invokeStatic(java.lang.Object, java.lang.Object, long)'> (0x00000000ab7af2a0) thrown at [./src/hotspot/share/interpreter/linkResolver.cpp, line 773]
Event: 75.045 Thread 0x00000216f76ce800 Exception <a 'java/lang/NoSuchMethodError'{0x00000000ab7b5810}: 'java.lang.Object java.lang.invoke.Invokers$Holder.linkToTargetMethod(java.lang.Object, long, java.lang.Object)'> (0x00000000ab7b5810) thrown at [./src/hotspot/share/interpreter/linkResolver.cpp, line 773]

Events (20 events):
Event: 89.924 Thread 0x00000216f1503800 Thread exited: 0x00000216f1503800
Event: 89.924 Thread 0x00000216f14fe800 Thread exited: 0x00000216f14fe800
Event: 89.924 Thread 0x00000216f14fd800 Thread exited: 0x00000216f14fd800
Event: 89.924 Thread 0x00000216f1509000 Thread exited: 0x00000216f1509000
Event: 89.924 Thread 0x00000216f150a000 Thread exited: 0x00000216f150a000
Event: 89.924 Thread 0x00000216f00f0000 Thread exited: 0x00000216f00f0000
Event: 89.924 Thread 0x00000216f1505000 Thread exited: 0x00000216f1505000
Event: 89.924 Thread 0x00000216f150b800 Thread exited: 0x00000216f150b800
Event: 89.924 Thread 0x00000216f00f2800 Thread exited: 0x00000216f00f2800
Event: 89.925 Thread 0x00000216f00f1000 Thread exited: 0x00000216f00f1000
Event: 89.925 Thread 0x00000216ef12b000 Thread exited: 0x00000216ef12b000
Event: 89.925 Thread 0x00000216ef12c000 Thread exited: 0x00000216ef12c000
Event: 89.925 Thread 0x00000216ef126000 Thread exited: 0x00000216ef126000
Event: 89.925 Thread 0x00000216f00f3000 Thread exited: 0x00000216f00f3000
Event: 89.925 Thread 0x00000216f150a800 Thread exited: 0x00000216f150a800
Event: 89.925 Thread 0x00000216f00f9800 Thread exited: 0x00000216f00f9800
Event: 89.926 Thread 0x00000216f00f4000 Thread exited: 0x00000216f00f4000
Event: 89.926 Thread 0x00000216f00f5000 Thread exited: 0x00000216f00f5000
Event: 89.926 Thread 0x00000216f00fb800 Thread exited: 0x00000216f00fb800
Event: 89.962 Thread 0x00000216f151b800 Thread exited: 0x00000216f151b800


Dynamic libraries:
0x00007ff6b45c0000 - 0x00007ff6b45ca000 	C:\Program Files\Android\Android Studio\jre\bin\java.exe
0x00007ff88cef0000 - 0x00007ff88d0e8000 	C:\WINDOWS\SYSTEM32\ntdll.dll
0x00007ff88bd90000 - 0x00007ff88be4d000 	C:\WINDOWS\System32\KERNEL32.DLL
0x00007ff88aa00000 - 0x00007ff88acd2000 	C:\WINDOWS\System32\KERNELBASE.dll
0x00007ff88ace0000 - 0x00007ff88ade0000 	C:\WINDOWS\System32\ucrtbase.dll
0x00007ff880240000 - 0x00007ff880259000 	C:\Program Files\Android\Android Studio\jre\bin\jli.dll
0x00007ff88cd10000 - 0x00007ff88cead000 	C:\WINDOWS\System32\USER32.dll
0x00007ff88a9d0000 - 0x00007ff88a9f2000 	C:\WINDOWS\System32\win32u.dll
0x00007ff88be50000 - 0x00007ff88be7b000 	C:\WINDOWS\System32\GDI32.dll
0x00007ff8555d0000 - 0x00007ff8555e7000 	C:\Program Files\Android\Android Studio\jre\bin\VCRUNTIME140.dll
0x00007ff88a600000 - 0x00007ff88a70f000 	C:\WINDOWS\System32\gdi32full.dll
0x00007ff8779a0000 - 0x00007ff877c3a000 	C:\WINDOWS\WinSxS\amd64_microsoft.windows.common-controls_6595b64144ccf1df_6.0.19041.1110_none_60b5254171f9507e\COMCTL32.dll
0x00007ff88a930000 - 0x00007ff88a9cd000 	C:\WINDOWS\System32\msvcp_win.dll
0x00007ff88c660000 - 0x00007ff88c6fe000 	C:\WINDOWS\System32\msvcrt.dll
0x00007ff88be80000 - 0x00007ff88beb0000 	C:\WINDOWS\System32\IMM32.DLL
0x00007ff83f8a0000 - 0x00007ff83f93d000 	C:\Program Files\Android\Android Studio\jre\bin\msvcp140.dll
0x00007ff82e940000 - 0x00007ff82f40f000 	C:\Program Files\Android\Android Studio\jre\bin\server\jvm.dll
0x00007ff88afc0000 - 0x00007ff88b06e000 	C:\WINDOWS\System32\ADVAPI32.dll
0x00007ff88b070000 - 0x00007ff88b10c000 	C:\WINDOWS\System32\sechost.dll
0x00007ff88beb0000 - 0x00007ff88bfd5000 	C:\WINDOWS\System32\RPCRT4.dll
0x00007ff88b490000 - 0x00007ff88b498000 	C:\WINDOWS\System32\PSAPI.DLL
0x00007ff87b0b0000 - 0x00007ff87b0b9000 	C:\WINDOWS\SYSTEM32\WSOCK32.dll
0x00007ff88bd20000 - 0x00007ff88bd8b000 	C:\WINDOWS\System32\WS2_32.dll
0x00007ff87bf30000 - 0x00007ff87bf57000 	C:\WINDOWS\SYSTEM32\WINMM.dll
0x00007ff887fd0000 - 0x00007ff887fda000 	C:\WINDOWS\SYSTEM32\VERSION.dll
0x00007ff888e60000 - 0x00007ff888e72000 	C:\WINDOWS\SYSTEM32\kernel.appcore.dll
0x00007ff87d7a0000 - 0x00007ff87d7b1000 	C:\Program Files\Android\Android Studio\jre\bin\verify.dll
0x00007ff87aec0000 - 0x00007ff87b0a4000 	C:\WINDOWS\SYSTEM32\DBGHELP.DLL
0x00007ff87ae90000 - 0x00007ff87aebc000 	C:\WINDOWS\SYSTEM32\dbgcore.DLL
0x00007ff88a740000 - 0x00007ff88a7c2000 	C:\WINDOWS\System32\bcryptPrimitives.dll
0x00007ff87d770000 - 0x00007ff87d799000 	C:\Program Files\Android\Android Studio\jre\bin\java.dll
0x00007ff87d760000 - 0x00007ff87d76b000 	C:\Program Files\Android\Android Studio\jre\bin\jimage.dll
0x00007ff87d690000 - 0x00007ff87d6a8000 	C:\Program Files\Android\Android Studio\jre\bin\zip.dll
0x00007ff88b5d0000 - 0x00007ff88bd13000 	C:\WINDOWS\System32\SHELL32.dll
0x00007ff8886c0000 - 0x00007ff888e51000 	C:\WINDOWS\SYSTEM32\windows.storage.dll
0x00007ff88c700000 - 0x00007ff88ca54000 	C:\WINDOWS\System32\combase.dll
0x00007ff889f80000 - 0x00007ff889fb0000 	C:\WINDOWS\SYSTEM32\Wldp.dll
0x00007ff88bfe0000 - 0x00007ff88c08d000 	C:\WINDOWS\System32\SHCORE.dll
0x00007ff88cac0000 - 0x00007ff88cb15000 	C:\WINDOWS\System32\shlwapi.dll
0x00007ff88a540000 - 0x00007ff88a55f000 	C:\WINDOWS\SYSTEM32\profapi.dll
0x00007ff839940000 - 0x00007ff83995a000 	C:\Program Files\Android\Android Studio\jre\bin\net.dll
0x00007ff87e7b0000 - 0x00007ff87e8bd000 	C:\WINDOWS\SYSTEM32\WINHTTP.dll
0x00007ff889ce0000 - 0x00007ff889d4a000 	C:\WINDOWS\system32\mswsock.dll
0x00007ff836590000 - 0x00007ff8365a4000 	C:\Program Files\Android\Android Studio\jre\bin\nio.dll
0x00007ff86b300000 - 0x00007ff86b326000 	C:\Users\nanosoft\.gradle\native\fdc75f09e3144964f2cf3f50f0aa648679c211496f362492102eb8c894070792\windows-amd64\native-platform.dll
0x00007ff82bbc0000 - 0x00007ff82bd51000 	C:\Users\nanosoft\.gradle\native\12488b8bf47d2d4c9fbf2f6322a914ad602e24e48041cd04a747c6da556b65c4\windows-amd64\native-platform-file-events.dll
0x00007ff86f980000 - 0x00007ff86f98a000 	C:\Program Files\Android\Android Studio\jre\bin\management.dll
0x00007ff86e760000 - 0x00007ff86e76c000 	C:\Program Files\Android\Android Studio\jre\bin\management_ext.dll
0x00007ff889ee0000 - 0x00007ff889ef8000 	C:\WINDOWS\SYSTEM32\CRYPTSP.dll
0x00007ff889600000 - 0x00007ff889634000 	C:\WINDOWS\system32\rsaenh.dll
0x00007ff88a710000 - 0x00007ff88a737000 	C:\WINDOWS\System32\bcrypt.dll
0x00007ff88a500000 - 0x00007ff88a52e000 	C:\WINDOWS\SYSTEM32\USERENV.dll
0x00007ff889ed0000 - 0x00007ff889edc000 	C:\WINDOWS\SYSTEM32\CRYPTBASE.dll
0x00007ff8899d0000 - 0x00007ff889a0b000 	C:\WINDOWS\SYSTEM32\IPHLPAPI.DLL
0x00007ff88afb0000 - 0x00007ff88afb8000 	C:\WINDOWS\System32\NSI.dll
0x00007ff883880000 - 0x00007ff883897000 	C:\WINDOWS\SYSTEM32\dhcpcsvc6.DLL
0x00007ff883840000 - 0x00007ff88385d000 	C:\WINDOWS\SYSTEM32\dhcpcsvc.DLL
0x00007ff889a10000 - 0x00007ff889ada000 	C:\WINDOWS\SYSTEM32\DNSAPI.dll
0x00007ff883950000 - 0x00007ff88395b000 	C:\WINDOWS\SYSTEM32\WINNSI.DLL

dbghelp: loaded successfully - version: 4.0.5 - missing functions: none
symbol engine: initialized successfully - sym options: 0x614 - pdb path: .;C:\Program Files\Android\Android Studio\jre\bin;C:\WINDOWS\SYSTEM32;C:\WINDOWS\WinSxS\amd64_microsoft.windows.common-controls_6595b64144ccf1df_6.0.19041.1110_none_60b5254171f9507e;C:\Program Files\Android\Android Studio\jre\bin\server;C:\Users\nanosoft\.gradle\native\fdc75f09e3144964f2cf3f50f0aa648679c211496f362492102eb8c894070792\windows-amd64;C:\Users\nanosoft\.gradle\native\12488b8bf47d2d4c9fbf2f6322a914ad602e24e48041cd04a747c6da556b65c4\windows-amd64

VM Arguments:
jvm_args: --add-opens=java.base/java.util=ALL-UNNAMED --add-opens=java.base/java.lang=ALL-UNNAMED --add-opens=java.base/java.lang.invoke=ALL-UNNAMED --add-opens=java.prefs/java.util.prefs=ALL-UNNAMED -Xmx1536M -Dfile.encoding=windows-1252 -Duser.country=US -Duser.language=en -Duser.variant 
java_command: org.gradle.launcher.daemon.bootstrap.GradleDaemon 6.7
java_class_path (initial): C:\Users\nanosoft\.gradle\wrapper\dists\gradle-6.7-all\cuy9mc7upwgwgeb72wkcrupxe\gradle-6.7\lib\gradle-launcher-6.7.jar
Launcher Type: SUN_STANDARD

[Global flags]
     intx CICompilerCount                          = 3                                         {product} {ergonomic}
     uint ConcGCThreads                            = 1                                         {product} {ergonomic}
     uint G1ConcRefinementThreads                  = 4                                         {product} {ergonomic}
   size_t G1HeapRegionSize                         = 1048576                                   {product} {ergonomic}
    uintx GCDrainStackTargetSize                   = 64                                        {product} {ergonomic}
   size_t InitialHeapSize                          = 134217728                                 {product} {ergonomic}
   size_t MarkStackSize                            = 4194304                                   {product} {ergonomic}
   size_t MaxHeapSize                              = 1610612736                                {product} {command line}
   size_t MaxNewSize                               = 965738496                                 {product} {ergonomic}
   size_t MinHeapDeltaBytes                        = 1048576                                   {product} {ergonomic}
    uintx NonNMethodCodeHeapSize                   = 5830732                                {pd product} {ergonomic}
    uintx NonProfiledCodeHeapSize                  = 122913754                              {pd product} {ergonomic}
    uintx ProfiledCodeHeapSize                     = 122913754                              {pd product} {ergonomic}
    uintx ReservedCodeCacheSize                    = 251658240                              {pd product} {ergonomic}
     bool SegmentedCodeCache                       = true                                      {product} {ergonomic}
     bool UseCompressedClassPointers               = true                                 {lp64_product} {ergonomic}
     bool UseCompressedOops                        = true                                 {lp64_product} {ergonomic}
     bool UseG1GC                                  = true                                      {product} {ergonomic}
     bool UseLargePagesIndividualAllocation        = false                                  {pd product} {ergonomic}

Logging:
Log output configuration:
 #0: stdout all=warning uptime,level,tags
 #1: stderr all=off uptime,level,tags

Environment Variables:
JAVA_HOME=C:\Program Files\Android\Android Studio\jre
CLASSPATH=E:\unhcr_pms_app_flutter\android\\gradle\wrapper\gradle-wrapper.jar
PATH=C:\ProgramData\Oracle\Java\javapath;C:\Program Files (x86)\Common Files\Oracle\Java\javapath;C:\WINDOWS\system32;C:\WINDOWS;C:\WINDOWS\System32\Wbem;C:\WINDOWS\System32\WindowsPowerShell\v1.0\;C:\WINDOWS\System32\OpenSSH\;E:\AndroidSoftware\sdk\sdk\platform-tools;E:\AndroidSoftware\sdk\sdk\tools;C:\Users\nanosoft\AppData\Roaming\Composer\vendor\bin;C:\Users\nanosoft\AppData\Local\Microsoft\WindowsApps;C:\Users\nanosoft\flutter\bin;C:\adb;E:\xampp\php;C:\WINDOWS\system32;C:\WINDOWS;C:\WINDOWS\System32\Wbem;C:\WINDOWS\System32\WindowsPowerShell\v1.0\;C:\WINDOWS\System32\OpenSSH\;G:\flutter\bin\cache\dart-sdk\dart-sdk;C:\Program Files\nodejs\;G:\flutter\bin;G:\xampp\php;C:\composer;C:\Program Files\Git\cmd;C:\Program Files\PuTTY\;C:\Users\nanosoft\AppData\Local\Programs\Python\Python39\Scripts\;C:\Users\nanosoft\AppData\Local\Programs\Python\Python39\;G:\Scripts\;G:\;C:\Users\nanosoft\AppData\Local\Microsoft\WindowsApps;C:\Users\nanosoft\flutter\bin;C:\Users\nanosoft\AppData\Roaming\npm;;G:\flutter\bin\mingit\cmd
USERNAME=nanosoft
OS=Windows_NT
PROCESSOR_IDENTIFIER=Intel64 Family 6 Model 60 Stepping 3, GenuineIntel



---------------  S Y S T E M  ---------------

OS: Windows 10 , 64 bit Build 19041 (10.0.19041.1889)
OS uptime: 3 days 21:48 hours

CPU:total 4 (initial active 4) (2 cores per cpu, 2 threads per core) family 6 model 60 stepping 3 microcode 0x27, cmov, cx8, fxsr, mmx, sse, sse2, sse3, ssse3, sse4.1, sse4.2, popcnt, avx, avx2, aes, clmul, erms, lzcnt, ht, tsc, tscinvbit, bmi1, bmi2, fma

Memory: 4k page, system-wide physical 8070M (400M free)
TotalPageFile size 17347M (AvailPageFile size 4M)
current process WorkingSet (physical memory assigned to process): 421M, peak: 472M
current process commit charge ("private bytes"): 474M, peak: 510M

vm_info: OpenJDK 64-Bit Server VM (11.0.10+0-b96-7249189) for windows-amd64 JRE (11.0.10+0-b96-7249189), built on Mar 31 2021 21:44:00 by "builder" with MS VC++ 14.0 (VS2015)

END.
